2024-04-15 20:41:43,299 - INFO - Starting the application.
2024-04-15 20:41:44,207 - INFO - No GPU found, using the CPU instead.
2024-04-15 20:41:44,208 - INFO - Configurations are set
2024-04-15 20:41:55,941 - INFO - Data loaded and preprocessed successfully.
2024-04-15 20:46:30,698 - INFO - Fold 1 - Accuracy: 0.9861880380759399, Precision: 0.9342388980434118, Recall: 0.9122004464901862, F1 Score: 0.9199481393482245
2024-04-15 20:51:05,615 - INFO - Fold 2 - Accuracy: 0.987725827711871, Precision: 0.9461513083105058, Recall: 0.9154854362247923, F1 Score: 0.925395339865202
2024-04-15 20:55:50,180 - INFO - Fold 3 - Accuracy: 0.9851826006047918, Precision: 0.9416964292169473, Recall: 0.8990968201608132, F1 Score: 0.910062994403682
2024-04-15 21:00:39,610 - INFO - Fold 4 - Accuracy: 0.987185650409656, Precision: 0.9405224418508403, Recall: 0.9192180030072109, F1 Score: 0.9270340539267383
2024-04-15 21:05:30,620 - INFO - Fold 5 - Accuracy: 0.9865498436328862, Precision: 0.9410021464149164, Recall: 0.9018285358619075, F1 Score: 0.9126576639230963
2024-04-15 21:05:30,658 - INFO - Fold 1 Results: Accuracy=0.99, Precision=0.93, Recall=0.91, F1 Score=0.92
2024-04-15 21:05:30,659 - INFO - Fold 2 Results: Accuracy=0.99, Precision=0.95, Recall=0.92, F1 Score=0.93
2024-04-15 21:05:30,660 - INFO - Fold 3 Results: Accuracy=0.99, Precision=0.94, Recall=0.90, F1 Score=0.91
2024-04-15 21:05:30,660 - INFO - Fold 4 Results: Accuracy=0.99, Precision=0.94, Recall=0.92, F1 Score=0.93
2024-04-15 21:05:30,660 - INFO - Fold 5 Results: Accuracy=0.99, Precision=0.94, Recall=0.90, F1 Score=0.91
2024-04-15 21:05:30,661 - INFO - Classification Report for Fold 1:
              precision    recall  f1-score   support

           0       0.85      0.94      0.89     18815
           1       1.00      1.00      1.00    175474
           2       0.99      1.00      1.00    138932
           3       1.00      1.00      1.00     45272
           4       0.83      0.63      0.72      8418

    accuracy                           0.99    386911
   macro avg       0.93      0.91      0.92    386911
weighted avg       0.99      0.99      0.99    386911

2024-04-15 21:05:30,662 - INFO - Classification Report for Fold 2:
              precision    recall  f1-score   support

           0       0.85      0.97      0.91     19067
           1       1.00      1.00      1.00    175406
           2       1.00      1.00      1.00    138489
           3       1.00      1.00      1.00     45575
           4       0.89      0.62      0.73      8373

    accuracy                           0.99    386910
   macro avg       0.95      0.92      0.93    386910
weighted avg       0.99      0.99      0.99    386910

2024-04-15 21:05:30,664 - INFO - Classification Report for Fold 3:
              precision    recall  f1-score   support

           0       0.82      0.97      0.89     18796
           1       1.00      1.00      1.00    174839
           2       0.99      1.00      1.00    139748
           3       1.00      0.99      1.00     45132
           4       0.89      0.53      0.67      8395

    accuracy                           0.99    386910
   macro avg       0.94      0.90      0.91    386910
weighted avg       0.99      0.99      0.98    386910

2024-04-15 21:05:30,666 - INFO - Classification Report for Fold 4:
              precision    recall  f1-score   support

           0       0.86      0.95      0.90     18814
           1       1.00      1.00      1.00    175624
           2       0.99      1.00      1.00    138742
           3       1.00      1.00      1.00     45333
           4       0.85      0.66      0.74      8397

    accuracy                           0.99    386910
   macro avg       0.94      0.92      0.93    386910
weighted avg       0.99      0.99      0.99    386910

2024-04-15 21:05:30,667 - INFO - Classification Report for Fold 5:
              precision    recall  f1-score   support

           0       0.83      0.97      0.89     19094
           1       1.00      1.00      1.00    175186
           2       1.00      1.00      1.00    138954
           3       1.00      1.00      1.00     45272
           4       0.88      0.55      0.68      8404

    accuracy                           0.99    386910
   macro avg       0.94      0.90      0.91    386910
weighted avg       0.99      0.99      0.99    386910

