2024-04-15 20:16:42,533 - INFO - Starting the application.
2024-04-15 20:16:42,770 - INFO - No GPU found, using the CPU instead.
2024-04-15 20:16:42,770 - INFO - Configurations are set
2024-04-15 20:16:55,255 - INFO - Data loaded and preprocessed successfully.
2024-04-15 20:21:40,544 - INFO - Fold 1 - Accuracy: 0.987563031291434, Precision: 0.9405484244687189, Recall: 0.9258984243274547, F1 Score: 0.9317886352975495
2024-04-15 20:26:28,158 - INFO - Fold 2 - Accuracy: 0.9882763433356595, Precision: 0.9435316652478353, Recall: 0.9197496358649422, F1 Score: 0.9280901220481155
2024-04-15 20:31:10,147 - INFO - Fold 3 - Accuracy: 0.9876095215941691, Precision: 0.9449815909204975, Recall: 0.9179532948524975, F1 Score: 0.9273000060174992
2024-04-15 20:35:53,638 - INFO - Fold 4 - Accuracy: 0.9877801039001318, Precision: 0.9411834317516066, Recall: 0.922499800871087, F1 Score: 0.9295595121242956
2024-04-15 20:40:36,658 - INFO - Fold 5 - Accuracy: 0.9882634204336926, Precision: 0.9448637680852358, Recall: 0.9246405013012933, F1 Score: 0.9321813500044493
2024-04-15 20:40:36,716 - INFO - Fold 1 Results: Accuracy=0.99, Precision=0.94, Recall=0.93, F1 Score=0.93
2024-04-15 20:40:36,717 - INFO - Fold 2 Results: Accuracy=0.99, Precision=0.94, Recall=0.92, F1 Score=0.93
2024-04-15 20:40:36,717 - INFO - Fold 3 Results: Accuracy=0.99, Precision=0.94, Recall=0.92, F1 Score=0.93
2024-04-15 20:40:36,717 - INFO - Fold 4 Results: Accuracy=0.99, Precision=0.94, Recall=0.92, F1 Score=0.93
2024-04-15 20:40:36,717 - INFO - Fold 5 Results: Accuracy=0.99, Precision=0.94, Recall=0.92, F1 Score=0.93
2024-04-15 20:40:36,717 - INFO - Classification Report for Fold 1:
              precision    recall  f1-score   support

           0       0.88      0.94      0.91     18815
           1       1.00      1.00      1.00    175474
           2       1.00      0.99      1.00    138932
           3       1.00      1.00      1.00     45272
           4       0.84      0.70      0.76      8418

    accuracy                           0.99    386911
   macro avg       0.94      0.93      0.93    386911
weighted avg       0.99      0.99      0.99    386911

2024-04-15 20:40:36,719 - INFO - Classification Report for Fold 2:
              precision    recall  f1-score   support

           0       0.86      0.96      0.91     19067
           1       1.00      1.00      1.00    175406
           2       1.00      1.00      1.00    138489
           3       1.00      1.00      1.00     45575
           4       0.86      0.65      0.74      8373

    accuracy                           0.99    386910
   macro avg       0.94      0.92      0.93    386910
weighted avg       0.99      0.99      0.99    386910

2024-04-15 20:40:36,720 - INFO - Classification Report for Fold 3:
              precision    recall  f1-score   support

           0       0.86      0.96      0.90     18796
           1       1.00      1.00      1.00    174839
           2       1.00      1.00      1.00    139748
           3       1.00      1.00      1.00     45132
           4       0.88      0.64      0.74      8395

    accuracy                           0.99    386910
   macro avg       0.94      0.92      0.93    386910
weighted avg       0.99      0.99      0.99    386910

2024-04-15 20:40:36,722 - INFO - Classification Report for Fold 4:
              precision    recall  f1-score   support

           0       0.87      0.95      0.91     18814
           1       1.00      1.00      1.00    175624
           2       1.00      1.00      1.00    138742
           3       1.00      1.00      1.00     45333
           4       0.85      0.68      0.75      8397

    accuracy                           0.99    386910
   macro avg       0.94      0.92      0.93    386910
weighted avg       0.99      0.99      0.99    386910

2024-04-15 20:40:36,723 - INFO - Classification Report for Fold 5:
              precision    recall  f1-score   support

           0       0.87      0.95      0.91     19094
           1       1.00      1.00      1.00    175186
           2       1.00      1.00      1.00    138954
           3       1.00      1.00      1.00     45272
           4       0.86      0.68      0.76      8404

    accuracy                           0.99    386910
   macro avg       0.94      0.92      0.93    386910
weighted avg       0.99      0.99      0.99    386910

