2024-04-15 22:03:59,831 - INFO - Starting the application.
2024-04-15 22:04:00,270 - INFO - GPU is successfully loaded on GPU: 2
2024-04-15 22:04:00,271 - INFO - Configurations are set
2024-04-15 22:04:08,573 - INFO - Data loaded and preprocessed successfully.
2024-04-15 22:06:50,692 - INFO - Fold 1 - Accuracy: 0.9879016104478808, Precision: 0.9436717292193878, Recall: 0.9204325348463558, F1 Score: 0.9286270035774896
2024-04-15 22:09:10,946 - INFO - Fold 2 - Accuracy: 0.9869892222997596, Precision: 0.9462864110793945, Recall: 0.9042177857428138, F1 Score: 0.9157020264592063
2024-04-15 22:11:33,102 - INFO - Fold 3 - Accuracy: 0.9865420898917061, Precision: 0.9394167769045942, Recall: 0.906830678287778, F1 Score: 0.9164119678245655
2024-04-15 22:13:57,467 - INFO - Fold 4 - Accuracy: 0.9881781292807112, Precision: 0.9421282295520393, Recall: 0.9197391393864713, F1 Score: 0.9276855675957283
2024-04-15 22:16:38,730 - INFO - Fold 5 - Accuracy: 0.9877697655785583, Precision: 0.9445382454697786, Recall: 0.9194048774775888, F1 Score: 0.9281751364744469
2024-04-15 22:16:38,732 - INFO - Fold 1 Results: Accuracy=0.99, Precision=0.94, Recall=0.92, F1 Score=0.93
2024-04-15 22:16:38,733 - INFO - Fold 2 Results: Accuracy=0.99, Precision=0.95, Recall=0.90, F1 Score=0.92
2024-04-15 22:16:38,733 - INFO - Fold 3 Results: Accuracy=0.99, Precision=0.94, Recall=0.91, F1 Score=0.92
2024-04-15 22:16:38,733 - INFO - Fold 4 Results: Accuracy=0.99, Precision=0.94, Recall=0.92, F1 Score=0.93
2024-04-15 22:16:38,734 - INFO - Fold 5 Results: Accuracy=0.99, Precision=0.94, Recall=0.92, F1 Score=0.93
2024-04-15 22:16:38,734 - INFO - Classification Report for Fold 1:
              precision    recall  f1-score   support

           0       0.86      0.96      0.91     18815
           1       1.00      1.00      1.00    175474
           2       1.00      1.00      1.00    138932
           3       1.00      1.00      1.00     45272
           4       0.87      0.66      0.75      8418

    accuracy                           0.99    386911
   macro avg       0.94      0.92      0.93    386911
weighted avg       0.99      0.99      0.99    386911

2024-04-15 22:16:38,735 - INFO - Classification Report for Fold 2:
              precision    recall  f1-score   support

           0       0.83      0.98      0.90     19067
           1       1.00      1.00      1.00    175406
           2       1.00      1.00      1.00    138489
           3       1.00      1.00      1.00     45575
           4       0.90      0.55      0.69      8373

    accuracy                           0.99    386910
   macro avg       0.95      0.90      0.92    386910
weighted avg       0.99      0.99      0.99    386910

2024-04-15 22:16:38,735 - INFO - Classification Report for Fold 3:
              precision    recall  f1-score   support

           0       0.84      0.96      0.90     18796
           1       1.00      1.00      1.00    174839
           2       1.00      1.00      1.00    139748
           3       1.00      1.00      1.00     45132
           4       0.87      0.58      0.70      8395

    accuracy                           0.99    386910
   macro avg       0.94      0.91      0.92    386910
weighted avg       0.99      0.99      0.99    386910

2024-04-15 22:16:38,736 - INFO - Classification Report for Fold 4:
              precision    recall  f1-score   support

           0       0.86      0.95      0.90     18814
           1       1.00      1.00      1.00    175624
           2       1.00      1.00      1.00    138742
           3       1.00      1.00      1.00     45333
           4       0.86      0.65      0.74      8397

    accuracy                           0.99    386910
   macro avg       0.94      0.92      0.93    386910
weighted avg       0.99      0.99      0.99    386910

2024-04-15 22:16:38,736 - INFO - Classification Report for Fold 5:
              precision    recall  f1-score   support

           0       0.86      0.96      0.91     19094
           1       1.00      1.00      1.00    175186
           2       1.00      1.00      1.00    138954
           3       1.00      1.00      1.00     45272
           4       0.87      0.65      0.74      8404

    accuracy                           0.99    386910
   macro avg       0.94      0.92      0.93    386910
weighted avg       0.99      0.99      0.99    386910

